<?xml version="1.0" encoding="UTF-8"?>
<beans xmlns="http://www.springframework.org/schema/beans"
       xmlns:xsi="http://www.w3.org/2001/XMLSchema-instance"
       xmlns:context="http://www.springframework.org/schema/context" xmlns:tx="http://www.springframework.org/schema/tx"
       xsi:schemaLocation="http://www.springframework.org/schema/beans
    http://www.springframework.org/schema/beans/spring-beans-2.5.xsd
    http://www.springframework.org/schema/tx
    http://www.springframework.org/schema/tx/spring-tx-2.5.xsd
    http://www.springframework.org/schema/context
    http://www.springframework.org/schema/context/spring-context.xsd">

   <context:annotation-config/>
    <context:component-scan base-package="org.social_network_api"/>
    <tx:annotation-driven/>

    <bean id="transactionManager"
          class="org.springframework.orm.hibernate4.HibernateTransactionManager"
          name="txManager">
        <property name="sessionFactory" ref="sessionFactory" />
    </bean>

    <bean id="dataSource" class="org.apache.commons.dbcp.BasicDataSource" destroy-method="close">
        <property name="driverClassName" value="org.h2.Driver"/>
        <property name="url" value="jdbc:h2:~/test"/>
        <property name="username" value="sa"/>
        <property name="password" value=""/>
    </bean>

    <bean id="sessionFactory" class="org.springframework.orm.hibernate4.LocalSessionFactoryBean">
        <property name="dataSource" ref="dataSource"/>
        <property name="annotatedClasses">
            <list>
                <value>org.social_network_api.domain.User</value>
                <value>org.social_network_api.domain.Country</value>
                <value>org.social_network_api.domain.City</value>
                <value>org.social_network_api.domain.UserPhoto</value>
            </list>
        </property>
        <property name="hibernateProperties">
            <value>
                hibernate.dialect=org.hibernate.dialect.H2Dialect
                hibernate.show_sql=true
            </value>
        </property>
    </bean>

    <bean id="userDao" class="org.social_network_api.dao.UserDaoImpl"/>
    <bean id="cityDao" class="org.social_network_api.dao.CityDao"/>
    <bean id="countryDao" class="org.social_network_api.dao.CountryDao"/>
    <bean id="userPhotoDao" class="org.social_network_api.dao.UserPhotoDao"/>


</beans>